Determining if the include file malloc/malloc.h exists failed with the following output:
Change Dir: /home/king/ollvm/llvm-project-llvmorg-9.0.1/build-debug/CMakeFiles/CMakeTmp

Run Build Command(s):/usr/bin/ninja cmTC_d5efd && [1/2] Building C object CMakeFiles/cmTC_d5efd.dir/CheckIncludeFile.c.o
FAILED: CMakeFiles/cmTC_d5efd.dir/CheckIncludeFile.c.o 
/usr/bin/cc    -o CMakeFiles/cmTC_d5efd.dir/CheckIncludeFile.c.o   -c CheckIncludeFile.c
CheckIncludeFile.c:1:10: fatal error: malloc/malloc.h: 没有那个文件或目录
    1 | #include <malloc/malloc.h>
      |          ^~~~~~~~~~~~~~~~~
compilation terminated.
ninja: build stopped: subcommand failed.



Determining if the include file valgrind/valgrind.h exists failed with the following output:
Change Dir: /home/king/ollvm/llvm-project-llvmorg-9.0.1/build-debug/CMakeFiles/CMakeTmp

Run Build Command(s):/usr/bin/ninja cmTC_aed56 && [1/2] Building C object CMakeFiles/cmTC_aed56.dir/CheckIncludeFile.c.o
FAILED: CMakeFiles/cmTC_aed56.dir/CheckIncludeFile.c.o 
/usr/bin/cc    -o CMakeFiles/cmTC_aed56.dir/CheckIncludeFile.c.o   -c CheckIncludeFile.c
CheckIncludeFile.c:1:10: fatal error: valgrind/valgrind.h: 没有那个文件或目录
    1 | #include <valgrind/valgrind.h>
      |          ^~~~~~~~~~~~~~~~~~~~~
compilation terminated.
ninja: build stopped: subcommand failed.



Determining if the include file mach/mach.h exists failed with the following output:
Change Dir: /home/king/ollvm/llvm-project-llvmorg-9.0.1/build-debug/CMakeFiles/CMakeTmp

Run Build Command(s):/usr/bin/ninja cmTC_576c5 && [1/2] Building C object CMakeFiles/cmTC_576c5.dir/CheckIncludeFile.c.o
FAILED: CMakeFiles/cmTC_576c5.dir/CheckIncludeFile.c.o 
/usr/bin/cc    -o CMakeFiles/cmTC_576c5.dir/CheckIncludeFile.c.o   -c CheckIncludeFile.c
CheckIncludeFile.c:1:10: fatal error: mach/mach.h: 没有那个文件或目录
    1 | #include <mach/mach.h>
      |          ^~~~~~~~~~~~~
compilation terminated.
ninja: build stopped: subcommand failed.



Determining if the include file histedit.h exists failed with the following output:
Change Dir: /home/king/ollvm/llvm-project-llvmorg-9.0.1/build-debug/CMakeFiles/CMakeTmp

Run Build Command(s):/usr/bin/ninja cmTC_bf70b && [1/2] Building C object CMakeFiles/cmTC_bf70b.dir/CheckIncludeFile.c.o
FAILED: CMakeFiles/cmTC_bf70b.dir/CheckIncludeFile.c.o 
/usr/bin/cc    -o CMakeFiles/cmTC_bf70b.dir/CheckIncludeFile.c.o   -c CheckIncludeFile.c
CheckIncludeFile.c:1:10: fatal error: histedit.h: 没有那个文件或目录
    1 | #include <histedit.h>
      |          ^~~~~~~~~~~~
compilation terminated.
ninja: build stopped: subcommand failed.



Determining if the include file CrashReporterClient.h exists failed with the following output:
Change Dir: /home/king/ollvm/llvm-project-llvmorg-9.0.1/build-debug/CMakeFiles/CMakeTmp

Run Build Command(s):/usr/bin/ninja cmTC_4fb9c && [1/2] Building C object CMakeFiles/cmTC_4fb9c.dir/CheckIncludeFile.c.o
FAILED: CMakeFiles/cmTC_4fb9c.dir/CheckIncludeFile.c.o 
/usr/bin/cc    -o CMakeFiles/cmTC_4fb9c.dir/CheckIncludeFile.c.o   -c CheckIncludeFile.c
CheckIncludeFile.c:1:10: fatal error: CrashReporterClient.h: 没有那个文件或目录
    1 | #include <CrashReporterClient.h>
      |          ^~~~~~~~~~~~~~~~~~~~~~~
compilation terminated.
ninja: build stopped: subcommand failed.



Determining if the function pfm_initialize exists in the pfm failed with the following output:
Change Dir: /home/king/ollvm/llvm-project-llvmorg-9.0.1/build-debug/CMakeFiles/CMakeTmp

Run Build Command(s):/usr/bin/ninja cmTC_3080f && [1/2] Building C object CMakeFiles/cmTC_3080f.dir/CheckFunctionExists.c.o
[2/2] Linking C executable cmTC_3080f
FAILED: cmTC_3080f 
: && /usr/bin/cc -DCHECK_FUNCTION_EXISTS=pfm_initialize   CMakeFiles/cmTC_3080f.dir/CheckFunctionExists.c.o  -o cmTC_3080f  -lpfm  -lm && :
/usr/bin/ld: 找不到 -lpfm
collect2: error: ld returned 1 exit status
ninja: build stopped: subcommand failed.



Performing C SOURCE FILE Test CMAKE_HAVE_LIBC_PTHREAD failed with the following output:
Change Dir: /home/king/ollvm/llvm-project-llvmorg-9.0.1/build-debug/CMakeFiles/CMakeTmp

Run Build Command(s):/usr/bin/ninja cmTC_1c659 && [1/2] Building C object CMakeFiles/cmTC_1c659.dir/src.c.o
[2/2] Linking C executable cmTC_1c659
FAILED: cmTC_1c659 
: && /usr/bin/cc -DCMAKE_HAVE_LIBC_PTHREAD   CMakeFiles/cmTC_1c659.dir/src.c.o  -o cmTC_1c659  -lm && :
/usr/bin/ld: CMakeFiles/cmTC_1c659.dir/src.c.o: in function `main':
src.c:(.text+0x2f): undefined reference to `pthread_create'
/usr/bin/ld: src.c:(.text+0x3b): undefined reference to `pthread_detach'
/usr/bin/ld: src.c:(.text+0x4c): undefined reference to `pthread_join'
collect2: error: ld returned 1 exit status
ninja: build stopped: subcommand failed.


Source file was:
#include <pthread.h>

void* test_func(void* data)
{
  return data;
}

int main(void)
{
  pthread_t thread;
  pthread_create(&thread, NULL, test_func, NULL);
  pthread_detach(thread);
  pthread_join(thread, NULL);
  pthread_atfork(NULL, NULL, NULL);
  pthread_exit(NULL);

  return 0;
}

Determining if the function pthread_create exists in the pthreads failed with the following output:
Change Dir: /home/king/ollvm/llvm-project-llvmorg-9.0.1/build-debug/CMakeFiles/CMakeTmp

Run Build Command(s):/usr/bin/ninja cmTC_5a1d0 && [1/2] Building C object CMakeFiles/cmTC_5a1d0.dir/CheckFunctionExists.c.o
[2/2] Linking C executable cmTC_5a1d0
FAILED: cmTC_5a1d0 
: && /usr/bin/cc -DCHECK_FUNCTION_EXISTS=pthread_create   CMakeFiles/cmTC_5a1d0.dir/CheckFunctionExists.c.o  -o cmTC_5a1d0  -lpthreads  -lm && :
/usr/bin/ld: 找不到 -lpthreads
collect2: error: ld returned 1 exit status
ninja: build stopped: subcommand failed.



Determining if the function setupterm exists in the terminfo failed with the following output:
Change Dir: /home/king/ollvm/llvm-project-llvmorg-9.0.1/build-debug/CMakeFiles/CMakeTmp

Run Build Command(s):/usr/bin/ninja cmTC_f143a && [1/2] Building C object CMakeFiles/cmTC_f143a.dir/CheckFunctionExists.c.o
[2/2] Linking C executable cmTC_f143a
FAILED: cmTC_f143a 
: && /usr/bin/cc -DCHECK_FUNCTION_EXISTS=setupterm   CMakeFiles/cmTC_f143a.dir/CheckFunctionExists.c.o  -o cmTC_f143a  -lterminfo  -lm && :
/usr/bin/ld: 找不到 -lterminfo
collect2: error: ld returned 1 exit status
ninja: build stopped: subcommand failed.



Determining if the function xar_open exists in the xar failed with the following output:
Change Dir: /home/king/ollvm/llvm-project-llvmorg-9.0.1/build-debug/CMakeFiles/CMakeTmp

Run Build Command(s):/usr/bin/ninja cmTC_55f9d && [1/2] Building C object CMakeFiles/cmTC_55f9d.dir/CheckFunctionExists.c.o
[2/2] Linking C executable cmTC_55f9d
FAILED: cmTC_55f9d 
: && /usr/bin/cc -DCHECK_FUNCTION_EXISTS=xar_open   CMakeFiles/cmTC_55f9d.dir/CheckFunctionExists.c.o  -o cmTC_55f9d  -lxar  -lm && :
/usr/bin/ld: 找不到 -lxar
collect2: error: ld returned 1 exit status
ninja: build stopped: subcommand failed.



Determining if the arc4random exist failed with the following output:
Change Dir: /home/king/ollvm/llvm-project-llvmorg-9.0.1/build-debug/CMakeFiles/CMakeTmp

Run Build Command(s):/usr/bin/ninja cmTC_f0a25 && [1/2] Building C object CMakeFiles/cmTC_f0a25.dir/CheckSymbolExists.c.o
FAILED: CMakeFiles/cmTC_f0a25.dir/CheckSymbolExists.c.o 
/usr/bin/cc    -o CMakeFiles/cmTC_f0a25.dir/CheckSymbolExists.c.o   -c CheckSymbolExists.c
CheckSymbolExists.c: In function ‘main’:
CheckSymbolExists.c:8:19: error: ‘arc4random’ undeclared (first use in this function); did you mean ‘srandom’?
    8 |   return ((int*)(&arc4random))[argc];
      |                   ^~~~~~~~~~
      |                   srandom
CheckSymbolExists.c:8:19: note: each undeclared identifier is reported only once for each function it appears in
ninja: build stopped: subcommand failed.


File /home/king/ollvm/llvm-project-llvmorg-9.0.1/build-debug/CMakeFiles/CMakeTmp/CheckSymbolExists.c:
/* */
#include <stdlib.h>

int main(int argc, char** argv)
{
  (void)argv;
#ifndef arc4random
  return ((int*)(&arc4random))[argc];
#else
  (void)argc;
  return 0;
#endif
}
Performing C SOURCE FILE Test C_SUPPORTS_WERROR_UNGUARDED_AVAILABILITY_NEW failed with the following output:
Change Dir: /home/king/ollvm/llvm-project-llvmorg-9.0.1/build-debug/CMakeFiles/CMakeTmp

Run Build Command(s):/usr/bin/ninja cmTC_d62e7 && [1/2] Building C object CMakeFiles/cmTC_d62e7.dir/src.c.o
FAILED: CMakeFiles/cmTC_d62e7.dir/src.c.o 
/usr/bin/cc   -DC_SUPPORTS_WERROR_UNGUARDED_AVAILABILITY_NEW   -Werror=unguarded-availability-new -o CMakeFiles/cmTC_d62e7.dir/src.c.o   -c src.c
cc1: error: '-Werror=unguarded-availability-new': no option '-Wunguarded-availability-new'
ninja: build stopped: subcommand failed.


Source file was:
int main(void) { return 0; }
Determining if the mallctl exist failed with the following output:
Change Dir: /home/king/ollvm/llvm-project-llvmorg-9.0.1/build-debug/CMakeFiles/CMakeTmp

Run Build Command(s):/usr/bin/ninja cmTC_755a5 && [1/2] Building C object CMakeFiles/cmTC_755a5.dir/CheckSymbolExists.c.o
FAILED: CMakeFiles/cmTC_755a5.dir/CheckSymbolExists.c.o 
/usr/bin/cc    -o CMakeFiles/cmTC_755a5.dir/CheckSymbolExists.c.o   -c CheckSymbolExists.c
CheckSymbolExists.c:2:10: fatal error: malloc_np.h: 没有那个文件或目录
    2 | #include <malloc_np.h>
      |          ^~~~~~~~~~~~~
compilation terminated.
ninja: build stopped: subcommand failed.


File /home/king/ollvm/llvm-project-llvmorg-9.0.1/build-debug/CMakeFiles/CMakeTmp/CheckSymbolExists.c:
/* */
#include <malloc_np.h>

int main(int argc, char** argv)
{
  (void)argv;
#ifndef mallctl
  return ((int*)(&mallctl))[argc];
#else
  (void)argc;
  return 0;
#endif
}
Determining if the malloc_zone_statistics exist failed with the following output:
Change Dir: /home/king/ollvm/llvm-project-llvmorg-9.0.1/build-debug/CMakeFiles/CMakeTmp

Run Build Command(s):/usr/bin/ninja cmTC_a996f && [1/2] Building C object CMakeFiles/cmTC_a996f.dir/CheckSymbolExists.c.o
FAILED: CMakeFiles/cmTC_a996f.dir/CheckSymbolExists.c.o 
/usr/bin/cc    -o CMakeFiles/cmTC_a996f.dir/CheckSymbolExists.c.o   -c CheckSymbolExists.c
CheckSymbolExists.c:2:10: fatal error: malloc/malloc.h: 没有那个文件或目录
    2 | #include <malloc/malloc.h>
      |          ^~~~~~~~~~~~~~~~~
compilation terminated.
ninja: build stopped: subcommand failed.


File /home/king/ollvm/llvm-project-llvmorg-9.0.1/build-debug/CMakeFiles/CMakeTmp/CheckSymbolExists.c:
/* */
#include <malloc/malloc.h>

int main(int argc, char** argv)
{
  (void)argv;
#ifndef malloc_zone_statistics
  return ((int*)(&malloc_zone_statistics))[argc];
#else
  (void)argc;
  return 0;
#endif
}
Determining if the strerror_s exist failed with the following output:
Change Dir: /home/king/ollvm/llvm-project-llvmorg-9.0.1/build-debug/CMakeFiles/CMakeTmp

Run Build Command(s):/usr/bin/ninja cmTC_4596d && [1/2] Building C object CMakeFiles/cmTC_4596d.dir/CheckSymbolExists.c.o
FAILED: CMakeFiles/cmTC_4596d.dir/CheckSymbolExists.c.o 
/usr/bin/cc    -o CMakeFiles/cmTC_4596d.dir/CheckSymbolExists.c.o   -c CheckSymbolExists.c
CheckSymbolExists.c: In function ‘main’:
CheckSymbolExists.c:8:19: error: ‘strerror_s’ undeclared (first use in this function); did you mean ‘strerror_l’?
    8 |   return ((int*)(&strerror_s))[argc];
      |                   ^~~~~~~~~~
      |                   strerror_l
CheckSymbolExists.c:8:19: note: each undeclared identifier is reported only once for each function it appears in
ninja: build stopped: subcommand failed.


File /home/king/ollvm/llvm-project-llvmorg-9.0.1/build-debug/CMakeFiles/CMakeTmp/CheckSymbolExists.c:
/* */
#include <string.h>

int main(int argc, char** argv)
{
  (void)argv;
#ifndef strerror_s
  return ((int*)(&strerror_s))[argc];
#else
  (void)argc;
  return 0;
#endif
}
Determining if the dladdr exist failed with the following output:
Change Dir: /home/king/ollvm/llvm-project-llvmorg-9.0.1/build-debug/CMakeFiles/CMakeTmp

Run Build Command(s):/usr/bin/ninja cmTC_53193 && [1/2] Building C object CMakeFiles/cmTC_53193.dir/CheckSymbolExists.c.o
FAILED: CMakeFiles/cmTC_53193.dir/CheckSymbolExists.c.o 
/usr/bin/cc    -o CMakeFiles/cmTC_53193.dir/CheckSymbolExists.c.o   -c CheckSymbolExists.c
CheckSymbolExists.c: In function ‘main’:
CheckSymbolExists.c:8:19: error: ‘dladdr’ undeclared (first use in this function)
    8 |   return ((int*)(&dladdr))[argc];
      |                   ^~~~~~
CheckSymbolExists.c:8:19: note: each undeclared identifier is reported only once for each function it appears in
ninja: build stopped: subcommand failed.


File /home/king/ollvm/llvm-project-llvmorg-9.0.1/build-debug/CMakeFiles/CMakeTmp/CheckSymbolExists.c:
/* */
#include <dlfcn.h>

int main(int argc, char** argv)
{
  (void)argv;
#ifndef dladdr
  return ((int*)(&dladdr))[argc];
#else
  (void)argc;
  return 0;
#endif
}
Performing C SOURCE FILE Test HAVE_STRUCT_STAT_ST_MTIMESPEC_TV_NSEC failed with the following output:
Change Dir: /home/king/ollvm/llvm-project-llvmorg-9.0.1/build-debug/CMakeFiles/CMakeTmp

Run Build Command(s):/usr/bin/ninja cmTC_5e9cc && [1/2] Building C object CMakeFiles/cmTC_5e9cc.dir/src.c.o
FAILED: CMakeFiles/cmTC_5e9cc.dir/src.c.o 
/usr/bin/cc   -DHAVE_STRUCT_STAT_ST_MTIMESPEC_TV_NSEC -o CMakeFiles/cmTC_5e9cc.dir/src.c.o   -c src.c
src.c: In function ‘main’:
src.c:7:34: error: ‘struct stat’ has no member named ‘st_mtimespec’
    7 |   (void)sizeof(((struct stat *)0)->st_mtimespec.tv_nsec);
      |                                  ^~
ninja: build stopped: subcommand failed.


Source file was:

#include <sys/types.h>
#include <sys/stat.h>

int main()
{
  (void)sizeof(((struct stat *)0)->st_mtimespec.tv_nsec);
  return 0;
}

Performing C++ SOURCE FILE Test SUPPORTS_GNU_ZERO_VARIADIC_MACRO_ARGUMENTS_FLAG failed with the following output:
Change Dir: /home/king/ollvm/llvm-project-llvmorg-9.0.1/build-debug/CMakeFiles/CMakeTmp

Run Build Command(s):/usr/bin/ninja cmTC_543d9 && [1/2] Building CXX object CMakeFiles/cmTC_543d9.dir/src.cxx.o
FAILED: CMakeFiles/cmTC_543d9.dir/src.cxx.o 
/usr/bin/c++    -DSUPPORTS_GNU_ZERO_VARIADIC_MACRO_ARGUMENTS_FLAG   -Wgnu-zero-variadic-macro-arguments -o CMakeFiles/cmTC_543d9.dir/src.cxx.o -c src.cxx
c++: error: unrecognized command-line option '-Wgnu-zero-variadic-macro-arguments'
ninja: build stopped: subcommand failed.


Source file was:
int main() { return 0; }
Performing C++ SOURCE FILE Test CXX_SUPPORTS_WERROR_UNGUARDED_AVAILABILITY_NEW failed with the following output:
Change Dir: /home/king/ollvm/llvm-project-llvmorg-9.0.1/build-debug/CMakeFiles/CMakeTmp

Run Build Command(s):/usr/bin/ninja cmTC_4d567 && [1/2] Building CXX object CMakeFiles/cmTC_4d567.dir/src.cxx.o
FAILED: CMakeFiles/cmTC_4d567.dir/src.cxx.o 
/usr/bin/c++    -fPIC -fvisibility-inlines-hidden -Werror=date-time -DCXX_SUPPORTS_WERROR_UNGUARDED_AVAILABILITY_NEW   -Werror -Werror=unguarded-availability-new -o CMakeFiles/cmTC_4d567.dir/src.cxx.o -c src.cxx
cc1plus: error: '-Werror=unguarded-availability-new': no option '-Wunguarded-availability-new'
ninja: build stopped: subcommand failed.


Source file was:
int main() { return 0; }
Performing C SOURCE FILE Test C_SUPPORTS_COVERED_SWITCH_DEFAULT_FLAG failed with the following output:
Change Dir: /home/king/ollvm/llvm-project-llvmorg-9.0.1/build-debug/CMakeFiles/CMakeTmp

Run Build Command(s):/usr/bin/ninja cmTC_d1a88 && [1/2] Building C object CMakeFiles/cmTC_d1a88.dir/src.c.o
FAILED: CMakeFiles/cmTC_d1a88.dir/src.c.o 
/usr/bin/cc   -fPIC -Werror=date-time -Wall -Wextra -Wno-unused-parameter -Wwrite-strings -Wno-missing-field-initializers -pedantic -Wno-long-long -Wimplicit-fallthrough -DC_SUPPORTS_COVERED_SWITCH_DEFAULT_FLAG   -Werror -Wcovered-switch-default -o CMakeFiles/cmTC_d1a88.dir/src.c.o   -c src.c
cc: error: unrecognized command-line option '-Wcovered-switch-default'; did you mean '-Wno-switch-default'?
ninja: build stopped: subcommand failed.


Source file was:
int main(void) { return 0; }
Performing C++ SOURCE FILE Test CXX_SUPPORTS_COVERED_SWITCH_DEFAULT_FLAG failed with the following output:
Change Dir: /home/king/ollvm/llvm-project-llvmorg-9.0.1/build-debug/CMakeFiles/CMakeTmp

Run Build Command(s):/usr/bin/ninja cmTC_43a87 && [1/2] Building CXX object CMakeFiles/cmTC_43a87.dir/src.cxx.o
FAILED: CMakeFiles/cmTC_43a87.dir/src.cxx.o 
/usr/bin/c++    -fPIC -fvisibility-inlines-hidden -Werror=date-time -std=c++11 -Wall -Wextra -Wno-unused-parameter -Wwrite-strings -Wcast-qual -Wno-missing-field-initializers -pedantic -Wno-long-long -Wimplicit-fallthrough -DCXX_SUPPORTS_COVERED_SWITCH_DEFAULT_FLAG   -Werror -Wcovered-switch-default -o CMakeFiles/cmTC_43a87.dir/src.cxx.o -c src.cxx
c++: error: unrecognized command-line option '-Wcovered-switch-default'; did you mean '-Wno-switch-default'?
ninja: build stopped: subcommand failed.


Source file was:
int main() { return 0; }
Performing C SOURCE FILE Test C_SUPPORTS_DELETE_NON_VIRTUAL_DTOR_FLAG failed with the following output:
Change Dir: /home/king/ollvm/llvm-project-llvmorg-9.0.1/build-debug/CMakeFiles/CMakeTmp

Run Build Command(s):/usr/bin/ninja cmTC_3b370 && [1/2] Building C object CMakeFiles/cmTC_3b370.dir/src.c.o
FAILED: CMakeFiles/cmTC_3b370.dir/src.c.o 
/usr/bin/cc   -fPIC -Werror=date-time -Wall -Wextra -Wno-unused-parameter -Wwrite-strings -Wno-missing-field-initializers -pedantic -Wno-long-long -Wimplicit-fallthrough -DC_SUPPORTS_DELETE_NON_VIRTUAL_DTOR_FLAG   -Werror -Wdelete-non-virtual-dtor -o CMakeFiles/cmTC_3b370.dir/src.c.o   -c src.c
cc1: error: command-line option '-Wdelete-non-virtual-dtor' is valid for C++/ObjC++ but not for C [-Werror]
cc1: all warnings being treated as errors
ninja: build stopped: subcommand failed.


Source file was:
int main(void) { return 0; }
Performing C SOURCE FILE Test C_WCOMMENT_ALLOWS_LINE_WRAP failed with the following output:
Change Dir: /home/king/ollvm/llvm-project-llvmorg-9.0.1/build-debug/CMakeFiles/CMakeTmp

Run Build Command(s):/usr/bin/ninja cmTC_7a747 && [1/2] Building C object CMakeFiles/cmTC_7a747.dir/src.c.o
FAILED: CMakeFiles/cmTC_7a747.dir/src.c.o 
/usr/bin/cc -D_GNU_SOURCE  -fPIC -Werror=date-time -Wall -Wextra -Wno-unused-parameter -Wwrite-strings -Wno-missing-field-initializers -pedantic -Wno-long-long -Wimplicit-fallthrough -DC_WCOMMENT_ALLOWS_LINE_WRAP  -Werror -Wcomment -o CMakeFiles/cmTC_7a747.dir/src.c.o   -c src.c
src.c:1:1: error: multi-line comment [-Werror=comment]
    1 | // \
      | ^
cc1: all warnings being treated as errors
ninja: build stopped: subcommand failed.


Source file was:
// \
//
int main() {return 0;}
Performing C SOURCE FILE Test C_SUPPORTS_STRING_CONVERSION_FLAG failed with the following output:
Change Dir: /home/king/ollvm/llvm-project-llvmorg-9.0.1/build-debug/CMakeFiles/CMakeTmp

Run Build Command(s):/usr/bin/ninja cmTC_309ef && [1/2] Building C object CMakeFiles/cmTC_309ef.dir/src.c.o
FAILED: CMakeFiles/cmTC_309ef.dir/src.c.o 
/usr/bin/cc   -fPIC -Werror=date-time -Wall -Wextra -Wno-unused-parameter -Wwrite-strings -Wno-missing-field-initializers -pedantic -Wno-long-long -Wimplicit-fallthrough -Wno-comment -DC_SUPPORTS_STRING_CONVERSION_FLAG   -Werror -Wstring-conversion -o CMakeFiles/cmTC_309ef.dir/src.c.o   -c src.c
cc: error: unrecognized command-line option '-Wstring-conversion'; did you mean '-Wsign-conversion'?
ninja: build stopped: subcommand failed.


Source file was:
int main(void) { return 0; }
Performing C++ SOURCE FILE Test CXX_SUPPORTS_STRING_CONVERSION_FLAG failed with the following output:
Change Dir: /home/king/ollvm/llvm-project-llvmorg-9.0.1/build-debug/CMakeFiles/CMakeTmp

Run Build Command(s):/usr/bin/ninja cmTC_84a97 && [1/2] Building CXX object CMakeFiles/cmTC_84a97.dir/src.cxx.o
FAILED: CMakeFiles/cmTC_84a97.dir/src.cxx.o 
/usr/bin/c++    -fPIC -fvisibility-inlines-hidden -Werror=date-time -std=c++11 -Wall -Wextra -Wno-unused-parameter -Wwrite-strings -Wcast-qual -Wno-missing-field-initializers -pedantic -Wno-long-long -Wimplicit-fallthrough -Wno-maybe-uninitialized -Wno-class-memaccess -Wno-noexcept-type -Wdelete-non-virtual-dtor -Wno-comment -DCXX_SUPPORTS_STRING_CONVERSION_FLAG   -Werror -Wstring-conversion -o CMakeFiles/cmTC_84a97.dir/src.cxx.o -c src.cxx
c++: error: unrecognized command-line option '-Wstring-conversion'; did you mean '-Wsign-conversion'?
ninja: build stopped: subcommand failed.


Source file was:
int main() { return 0; }
Performing C++ SOURCE FILE Test LINKER_SUPPORTS_COLOR_DIAGNOSTICS failed with the following output:
Change Dir: /home/king/ollvm/llvm-project-llvmorg-9.0.1/build-debug/CMakeFiles/CMakeTmp

Run Build Command(s):/usr/bin/ninja cmTC_d3059 && [1/2] Building CXX object CMakeFiles/cmTC_d3059.dir/src.cxx.o
[2/2] Linking CXX executable cmTC_d3059
FAILED: cmTC_d3059 
: && /usr/bin/c++  -fPIC -fvisibility-inlines-hidden -Werror=date-time -std=c++11 -Wall -Wextra -Wno-unused-parameter -Wwrite-strings -Wcast-qual -Wno-missing-field-initializers -pedantic -Wno-long-long -Wimplicit-fallthrough -Wno-maybe-uninitialized -Wno-class-memaccess -Wno-noexcept-type -Wdelete-non-virtual-dtor -Wno-comment -fdiagnostics-color -DLINKER_SUPPORTS_COLOR_DIAGNOSTICS  -Wl,--color-diagnostics CMakeFiles/cmTC_d3059.dir/src.cxx.o  -o cmTC_d3059  -lm && :
/usr/bin/ld: unrecognized option '--color-diagnostics'
/usr/bin/ld: use the --help option for usage information
collect2: error: ld returned 1 exit status
ninja: build stopped: subcommand failed.


Source file was:
int main() { return 0; }
Determining if the os_signpost_interval_begin exist failed with the following output:
Change Dir: /home/king/ollvm/llvm-project-llvmorg-9.0.1/build-debug/CMakeFiles/CMakeTmp

Run Build Command(s):/usr/bin/ninja cmTC_0d9e9 && [1/2] Building C object CMakeFiles/cmTC_0d9e9.dir/CheckSymbolExists.c.o
FAILED: CMakeFiles/cmTC_0d9e9.dir/CheckSymbolExists.c.o 
/usr/bin/cc -D_GNU_SOURCE  -fPIC -Werror=date-time -Wall -Wextra -Wno-unused-parameter -Wwrite-strings -Wno-missing-field-initializers -pedantic -Wno-long-long -Wimplicit-fallthrough -Wno-comment -fdiagnostics-color -ffunction-sections -fdata-sections -o CMakeFiles/cmTC_0d9e9.dir/CheckSymbolExists.c.o   -c CheckSymbolExists.c
CheckSymbolExists.c:2:10: fatal error: os/signpost.h: 没有那个文件或目录
    2 | #include <os/signpost.h>
      |          ^~~~~~~~~~~~~~~
compilation terminated.
ninja: build stopped: subcommand failed.


File /home/king/ollvm/llvm-project-llvmorg-9.0.1/build-debug/CMakeFiles/CMakeTmp/CheckSymbolExists.c:
/* */
#include <os/signpost.h>

int main(int argc, char** argv)
{
  (void)argv;
#ifndef os_signpost_interval_begin
  return ((int*)(&os_signpost_interval_begin))[argc];
#else
  (void)argc;
  return 0;
#endif
}
Performing C++ SOURCE FILE Test CXX_SUPPORTS_NO_NESTED_ANON_TYPES_FLAG failed with the following output:
Change Dir: /home/king/ollvm/llvm-project-llvmorg-9.0.1/build-debug/CMakeFiles/CMakeTmp

Run Build Command(s):/usr/bin/ninja cmTC_239e7 && [1/2] Building CXX object CMakeFiles/cmTC_239e7.dir/src.cxx.o
FAILED: CMakeFiles/cmTC_239e7.dir/src.cxx.o 
/usr/bin/c++    -fPIC -fvisibility-inlines-hidden -Werror=date-time -std=c++11 -Wall -Wextra -Wno-unused-parameter -Wwrite-strings -Wcast-qual -Wno-missing-field-initializers -pedantic -Wno-long-long -Wimplicit-fallthrough -Wno-maybe-uninitialized -Wno-class-memaccess -Wno-noexcept-type -Wdelete-non-virtual-dtor -Wno-comment -fdiagnostics-color -ffunction-sections -fdata-sections -fno-common -Woverloaded-virtual -fno-strict-aliasing -DCXX_SUPPORTS_NO_NESTED_ANON_TYPES_FLAG   -Werror -Wnested-anon-types -o CMakeFiles/cmTC_239e7.dir/src.cxx.o -c src.cxx
c++: error: unrecognized command-line option '-Wnested-anon-types'
ninja: build stopped: subcommand failed.


Source file was:
int main() { return 0; }
Performing C++ SOURCE FILE Test HAVE_CXX_FLAG_WSHORTEN_64_TO_32 failed with the following output:
Change Dir: /home/king/ollvm/llvm-project-llvmorg-9.0.1/build-debug/CMakeFiles/CMakeTmp

Run Build Command(s):/usr/bin/ninja cmTC_54c71 && [1/2] Building CXX object CMakeFiles/cmTC_54c71.dir/src.cxx.o
FAILED: CMakeFiles/cmTC_54c71.dir/src.cxx.o 
/usr/bin/c++    -fPIC -fvisibility-inlines-hidden -Werror=date-time -std=c++11 -Wall -Wextra -Wno-unused-parameter -Wwrite-strings -Wcast-qual -Wno-missing-field-initializers -pedantic -Wno-long-long -Wimplicit-fallthrough -Wno-maybe-uninitialized -Wno-class-memaccess -Wno-noexcept-type -Wdelete-non-virtual-dtor -Wno-comment -fdiagnostics-color -ffunction-sections -fdata-sections  -std=c++11  -Wall  -Wextra  -Wshadow  -pedantic  -pedantic-errors -DHAVE_CXX_FLAG_WSHORTEN_64_TO_32  -Wshorten-64-to-32   -Wshorten-64-to-32 -o CMakeFiles/cmTC_54c71.dir/src.cxx.o -c src.cxx
c++: error: unrecognized command-line option '-Wshorten-64-to-32'
c++: error: unrecognized command-line option '-Wshorten-64-to-32'
ninja: build stopped: subcommand failed.


Source file was:
int main() { return 0; }
Performing C++ SOURCE FILE Test HAVE_CXX_FLAG_WD654 failed with the following output:
Change Dir: /home/king/ollvm/llvm-project-llvmorg-9.0.1/build-debug/CMakeFiles/CMakeTmp

Run Build Command(s):/usr/bin/ninja cmTC_36e10 && [1/2] Building CXX object CMakeFiles/cmTC_36e10.dir/src.cxx.o
FAILED: CMakeFiles/cmTC_36e10.dir/src.cxx.o 
/usr/bin/c++    -fPIC -fvisibility-inlines-hidden -Werror=date-time -std=c++11 -Wall -Wextra -Wno-unused-parameter -Wwrite-strings -Wcast-qual -Wno-missing-field-initializers -pedantic -Wno-long-long -Wimplicit-fallthrough -Wno-maybe-uninitialized -Wno-class-memaccess -Wno-noexcept-type -Wdelete-non-virtual-dtor -Wno-comment -fdiagnostics-color -ffunction-sections -fdata-sections  -std=c++11  -Wall  -Wextra  -Wshadow  -pedantic  -pedantic-errors  -Wfloat-equal  -fstrict-aliasing  -fno-exceptions  -Wstrict-aliasing -DHAVE_CXX_FLAG_WD654  -wd654   -wd654 -o CMakeFiles/cmTC_36e10.dir/src.cxx.o -c src.cxx
c++: error: unrecognized command-line option '-wd654'
c++: error: unrecognized command-line option '-wd654'
ninja: build stopped: subcommand failed.


Source file was:
int main() { return 0; }
Performing C++ SOURCE FILE Test HAVE_CXX_FLAG_WTHREAD_SAFETY failed with the following output:
Change Dir: /home/king/ollvm/llvm-project-llvmorg-9.0.1/build-debug/CMakeFiles/CMakeTmp

Run Build Command(s):/usr/bin/ninja cmTC_ce8da && [1/2] Building CXX object CMakeFiles/cmTC_ce8da.dir/src.cxx.o
FAILED: CMakeFiles/cmTC_ce8da.dir/src.cxx.o 
/usr/bin/c++    -fPIC -fvisibility-inlines-hidden -Werror=date-time -std=c++11 -Wall -Wextra -Wno-unused-parameter -Wwrite-strings -Wcast-qual -Wno-missing-field-initializers -pedantic -Wno-long-long -Wimplicit-fallthrough -Wno-maybe-uninitialized -Wno-class-memaccess -Wno-noexcept-type -Wdelete-non-virtual-dtor -Wno-comment -fdiagnostics-color -ffunction-sections -fdata-sections  -std=c++11  -Wall  -Wextra  -Wshadow  -pedantic  -pedantic-errors  -Wfloat-equal  -fstrict-aliasing  -fno-exceptions  -Wstrict-aliasing -DHAVE_CXX_FLAG_WTHREAD_SAFETY  -Wthread-safety   -Wthread-safety -o CMakeFiles/cmTC_ce8da.dir/src.cxx.o -c src.cxx
c++: error: unrecognized command-line option '-Wthread-safety'
c++: error: unrecognized command-line option '-Wthread-safety'
ninja: build stopped: subcommand failed.


Source file was:
int main() { return 0; }
