Determining if the include file malloc/malloc.h exists failed with the following output:
Change Dir: /home/king/ollvm/llvm-project-llvmorg-9.0.1/llvm/cmake-build-debug/CMakeFiles/CMakeTmp

Run Build Command(s):/usr/bin/gmake cmTC_962ff/fast && /usr/bin/gmake -f CMakeFiles/cmTC_962ff.dir/build.make CMakeFiles/cmTC_962ff.dir/build
gmake[1]: 进入目录“/home/king/ollvm/llvm-project-llvmorg-9.0.1/llvm/cmake-build-debug/CMakeFiles/CMakeTmp”
Building C object CMakeFiles/cmTC_962ff.dir/CheckIncludeFile.c.o
/usr/bin/cc    -o CMakeFiles/cmTC_962ff.dir/CheckIncludeFile.c.o   -c /home/king/ollvm/llvm-project-llvmorg-9.0.1/llvm/cmake-build-debug/CMakeFiles/CMakeTmp/CheckIncludeFile.c
/home/king/ollvm/llvm-project-llvmorg-9.0.1/llvm/cmake-build-debug/CMakeFiles/CMakeTmp/CheckIncludeFile.c:1:10: fatal error: malloc/malloc.h: 没有那个文件或目录
    1 | #include <malloc/malloc.h>
      |          ^~~~~~~~~~~~~~~~~
compilation terminated.
gmake[1]: *** [CMakeFiles/cmTC_962ff.dir/build.make:66：CMakeFiles/cmTC_962ff.dir/CheckIncludeFile.c.o] 错误 1
gmake[1]: 离开目录“/home/king/ollvm/llvm-project-llvmorg-9.0.1/llvm/cmake-build-debug/CMakeFiles/CMakeTmp”
gmake: *** [Makefile:121：cmTC_962ff/fast] 错误 2



Determining if the include file valgrind/valgrind.h exists failed with the following output:
Change Dir: /home/king/ollvm/llvm-project-llvmorg-9.0.1/llvm/cmake-build-debug/CMakeFiles/CMakeTmp

Run Build Command(s):/usr/bin/gmake cmTC_c978f/fast && /usr/bin/gmake -f CMakeFiles/cmTC_c978f.dir/build.make CMakeFiles/cmTC_c978f.dir/build
gmake[1]: 进入目录“/home/king/ollvm/llvm-project-llvmorg-9.0.1/llvm/cmake-build-debug/CMakeFiles/CMakeTmp”
Building C object CMakeFiles/cmTC_c978f.dir/CheckIncludeFile.c.o
/usr/bin/cc    -o CMakeFiles/cmTC_c978f.dir/CheckIncludeFile.c.o   -c /home/king/ollvm/llvm-project-llvmorg-9.0.1/llvm/cmake-build-debug/CMakeFiles/CMakeTmp/CheckIncludeFile.c
/home/king/ollvm/llvm-project-llvmorg-9.0.1/llvm/cmake-build-debug/CMakeFiles/CMakeTmp/CheckIncludeFile.c:1:10: fatal error: valgrind/valgrind.h: 没有那个文件或目录
    1 | #include <valgrind/valgrind.h>
      |          ^~~~~~~~~~~~~~~~~~~~~
compilation terminated.
gmake[1]: *** [CMakeFiles/cmTC_c978f.dir/build.make:66：CMakeFiles/cmTC_c978f.dir/CheckIncludeFile.c.o] 错误 1
gmake[1]: 离开目录“/home/king/ollvm/llvm-project-llvmorg-9.0.1/llvm/cmake-build-debug/CMakeFiles/CMakeTmp”
gmake: *** [Makefile:121：cmTC_c978f/fast] 错误 2



Determining if the include file mach/mach.h exists failed with the following output:
Change Dir: /home/king/ollvm/llvm-project-llvmorg-9.0.1/llvm/cmake-build-debug/CMakeFiles/CMakeTmp

Run Build Command(s):/usr/bin/gmake cmTC_4f259/fast && /usr/bin/gmake -f CMakeFiles/cmTC_4f259.dir/build.make CMakeFiles/cmTC_4f259.dir/build
gmake[1]: 进入目录“/home/king/ollvm/llvm-project-llvmorg-9.0.1/llvm/cmake-build-debug/CMakeFiles/CMakeTmp”
Building C object CMakeFiles/cmTC_4f259.dir/CheckIncludeFile.c.o
/usr/bin/cc    -o CMakeFiles/cmTC_4f259.dir/CheckIncludeFile.c.o   -c /home/king/ollvm/llvm-project-llvmorg-9.0.1/llvm/cmake-build-debug/CMakeFiles/CMakeTmp/CheckIncludeFile.c
/home/king/ollvm/llvm-project-llvmorg-9.0.1/llvm/cmake-build-debug/CMakeFiles/CMakeTmp/CheckIncludeFile.c:1:10: fatal error: mach/mach.h: 没有那个文件或目录
    1 | #include <mach/mach.h>
      |          ^~~~~~~~~~~~~
compilation terminated.
gmake[1]: *** [CMakeFiles/cmTC_4f259.dir/build.make:66：CMakeFiles/cmTC_4f259.dir/CheckIncludeFile.c.o] 错误 1
gmake[1]: 离开目录“/home/king/ollvm/llvm-project-llvmorg-9.0.1/llvm/cmake-build-debug/CMakeFiles/CMakeTmp”
gmake: *** [Makefile:121：cmTC_4f259/fast] 错误 2



Determining if the include file histedit.h exists failed with the following output:
Change Dir: /home/king/ollvm/llvm-project-llvmorg-9.0.1/llvm/cmake-build-debug/CMakeFiles/CMakeTmp

Run Build Command(s):/usr/bin/gmake cmTC_ce0a7/fast && /usr/bin/gmake -f CMakeFiles/cmTC_ce0a7.dir/build.make CMakeFiles/cmTC_ce0a7.dir/build
gmake[1]: 进入目录“/home/king/ollvm/llvm-project-llvmorg-9.0.1/llvm/cmake-build-debug/CMakeFiles/CMakeTmp”
Building C object CMakeFiles/cmTC_ce0a7.dir/CheckIncludeFile.c.o
/usr/bin/cc    -o CMakeFiles/cmTC_ce0a7.dir/CheckIncludeFile.c.o   -c /home/king/ollvm/llvm-project-llvmorg-9.0.1/llvm/cmake-build-debug/CMakeFiles/CMakeTmp/CheckIncludeFile.c
/home/king/ollvm/llvm-project-llvmorg-9.0.1/llvm/cmake-build-debug/CMakeFiles/CMakeTmp/CheckIncludeFile.c:1:10: fatal error: histedit.h: 没有那个文件或目录
    1 | #include <histedit.h>
      |          ^~~~~~~~~~~~
compilation terminated.
gmake[1]: *** [CMakeFiles/cmTC_ce0a7.dir/build.make:66：CMakeFiles/cmTC_ce0a7.dir/CheckIncludeFile.c.o] 错误 1
gmake[1]: 离开目录“/home/king/ollvm/llvm-project-llvmorg-9.0.1/llvm/cmake-build-debug/CMakeFiles/CMakeTmp”
gmake: *** [Makefile:121：cmTC_ce0a7/fast] 错误 2



Determining if the include file CrashReporterClient.h exists failed with the following output:
Change Dir: /home/king/ollvm/llvm-project-llvmorg-9.0.1/llvm/cmake-build-debug/CMakeFiles/CMakeTmp

Run Build Command(s):/usr/bin/gmake cmTC_987c0/fast && /usr/bin/gmake -f CMakeFiles/cmTC_987c0.dir/build.make CMakeFiles/cmTC_987c0.dir/build
gmake[1]: 进入目录“/home/king/ollvm/llvm-project-llvmorg-9.0.1/llvm/cmake-build-debug/CMakeFiles/CMakeTmp”
Building C object CMakeFiles/cmTC_987c0.dir/CheckIncludeFile.c.o
/usr/bin/cc    -o CMakeFiles/cmTC_987c0.dir/CheckIncludeFile.c.o   -c /home/king/ollvm/llvm-project-llvmorg-9.0.1/llvm/cmake-build-debug/CMakeFiles/CMakeTmp/CheckIncludeFile.c
/home/king/ollvm/llvm-project-llvmorg-9.0.1/llvm/cmake-build-debug/CMakeFiles/CMakeTmp/CheckIncludeFile.c:1:10: fatal error: CrashReporterClient.h: 没有那个文件或目录
    1 | #include <CrashReporterClient.h>
      |          ^~~~~~~~~~~~~~~~~~~~~~~
compilation terminated.
gmake[1]: *** [CMakeFiles/cmTC_987c0.dir/build.make:66：CMakeFiles/cmTC_987c0.dir/CheckIncludeFile.c.o] 错误 1
gmake[1]: 离开目录“/home/king/ollvm/llvm-project-llvmorg-9.0.1/llvm/cmake-build-debug/CMakeFiles/CMakeTmp”
gmake: *** [Makefile:121：cmTC_987c0/fast] 错误 2



Determining if the function pfm_initialize exists in the pfm failed with the following output:
Change Dir: /home/king/ollvm/llvm-project-llvmorg-9.0.1/llvm/cmake-build-debug/CMakeFiles/CMakeTmp

Run Build Command(s):/usr/bin/gmake cmTC_7440f/fast && /usr/bin/gmake -f CMakeFiles/cmTC_7440f.dir/build.make CMakeFiles/cmTC_7440f.dir/build
gmake[1]: 进入目录“/home/king/ollvm/llvm-project-llvmorg-9.0.1/llvm/cmake-build-debug/CMakeFiles/CMakeTmp”
Building C object CMakeFiles/cmTC_7440f.dir/CheckFunctionExists.c.o
/usr/bin/cc   -DCHECK_FUNCTION_EXISTS=pfm_initialize   -o CMakeFiles/cmTC_7440f.dir/CheckFunctionExists.c.o   -c /home/king/clion/bin/cmake/linux/share/cmake-3.15/Modules/CheckFunctionExists.c
Linking C executable cmTC_7440f
/home/king/clion/bin/cmake/linux/bin/cmake -E cmake_link_script CMakeFiles/cmTC_7440f.dir/link.txt --verbose=1
/usr/bin/cc  -DCHECK_FUNCTION_EXISTS=pfm_initialize    CMakeFiles/cmTC_7440f.dir/CheckFunctionExists.c.o  -o cmTC_7440f -lpfm -lm 
/usr/bin/ld: 找不到 -lpfm
collect2: error: ld returned 1 exit status
gmake[1]: *** [CMakeFiles/cmTC_7440f.dir/build.make:87：cmTC_7440f] 错误 1
gmake[1]: 离开目录“/home/king/ollvm/llvm-project-llvmorg-9.0.1/llvm/cmake-build-debug/CMakeFiles/CMakeTmp”
gmake: *** [Makefile:121：cmTC_7440f/fast] 错误 2



Performing C SOURCE FILE Test CMAKE_HAVE_LIBC_PTHREAD failed with the following output:
Change Dir: /home/king/ollvm/llvm-project-llvmorg-9.0.1/llvm/cmake-build-debug/CMakeFiles/CMakeTmp

Run Build Command(s):/usr/bin/gmake cmTC_9d063/fast && /usr/bin/gmake -f CMakeFiles/cmTC_9d063.dir/build.make CMakeFiles/cmTC_9d063.dir/build
gmake[1]: 进入目录“/home/king/ollvm/llvm-project-llvmorg-9.0.1/llvm/cmake-build-debug/CMakeFiles/CMakeTmp”
Building C object CMakeFiles/cmTC_9d063.dir/src.c.o
/usr/bin/cc   -DCMAKE_HAVE_LIBC_PTHREAD   -o CMakeFiles/cmTC_9d063.dir/src.c.o   -c /home/king/ollvm/llvm-project-llvmorg-9.0.1/llvm/cmake-build-debug/CMakeFiles/CMakeTmp/src.c
Linking C executable cmTC_9d063
/home/king/clion/bin/cmake/linux/bin/cmake -E cmake_link_script CMakeFiles/cmTC_9d063.dir/link.txt --verbose=1
/usr/bin/cc  -DCMAKE_HAVE_LIBC_PTHREAD    CMakeFiles/cmTC_9d063.dir/src.c.o  -o cmTC_9d063 -lm 
/usr/bin/ld: CMakeFiles/cmTC_9d063.dir/src.c.o: in function `main':
src.c:(.text+0x2f): undefined reference to `pthread_create'
/usr/bin/ld: src.c:(.text+0x3b): undefined reference to `pthread_detach'
/usr/bin/ld: src.c:(.text+0x4c): undefined reference to `pthread_join'
collect2: error: ld returned 1 exit status
gmake[1]: *** [CMakeFiles/cmTC_9d063.dir/build.make:87：cmTC_9d063] 错误 1
gmake[1]: 离开目录“/home/king/ollvm/llvm-project-llvmorg-9.0.1/llvm/cmake-build-debug/CMakeFiles/CMakeTmp”
gmake: *** [Makefile:121：cmTC_9d063/fast] 错误 2


Source file was:
#include <pthread.h>

void* test_func(void* data)
{
  return data;
}

int main(void)
{
  pthread_t thread;
  pthread_create(&thread, NULL, test_func, NULL);
  pthread_detach(thread);
  pthread_join(thread, NULL);
  pthread_atfork(NULL, NULL, NULL);
  pthread_exit(NULL);

  return 0;
}

Determining if the function pthread_create exists in the pthreads failed with the following output:
Change Dir: /home/king/ollvm/llvm-project-llvmorg-9.0.1/llvm/cmake-build-debug/CMakeFiles/CMakeTmp

Run Build Command(s):/usr/bin/gmake cmTC_6a3a4/fast && /usr/bin/gmake -f CMakeFiles/cmTC_6a3a4.dir/build.make CMakeFiles/cmTC_6a3a4.dir/build
gmake[1]: 进入目录“/home/king/ollvm/llvm-project-llvmorg-9.0.1/llvm/cmake-build-debug/CMakeFiles/CMakeTmp”
Building C object CMakeFiles/cmTC_6a3a4.dir/CheckFunctionExists.c.o
/usr/bin/cc   -DCHECK_FUNCTION_EXISTS=pthread_create   -o CMakeFiles/cmTC_6a3a4.dir/CheckFunctionExists.c.o   -c /home/king/clion/bin/cmake/linux/share/cmake-3.15/Modules/CheckFunctionExists.c
Linking C executable cmTC_6a3a4
/home/king/clion/bin/cmake/linux/bin/cmake -E cmake_link_script CMakeFiles/cmTC_6a3a4.dir/link.txt --verbose=1
/usr/bin/cc  -DCHECK_FUNCTION_EXISTS=pthread_create    CMakeFiles/cmTC_6a3a4.dir/CheckFunctionExists.c.o  -o cmTC_6a3a4 -lpthreads -lm 
/usr/bin/ld: 找不到 -lpthreads
collect2: error: ld returned 1 exit status
gmake[1]: *** [CMakeFiles/cmTC_6a3a4.dir/build.make:87：cmTC_6a3a4] 错误 1
gmake[1]: 离开目录“/home/king/ollvm/llvm-project-llvmorg-9.0.1/llvm/cmake-build-debug/CMakeFiles/CMakeTmp”
gmake: *** [Makefile:121：cmTC_6a3a4/fast] 错误 2



Determining if the function setupterm exists in the terminfo failed with the following output:
Change Dir: /home/king/ollvm/llvm-project-llvmorg-9.0.1/llvm/cmake-build-debug/CMakeFiles/CMakeTmp

Run Build Command(s):/usr/bin/gmake cmTC_6e8c7/fast && /usr/bin/gmake -f CMakeFiles/cmTC_6e8c7.dir/build.make CMakeFiles/cmTC_6e8c7.dir/build
gmake[1]: 进入目录“/home/king/ollvm/llvm-project-llvmorg-9.0.1/llvm/cmake-build-debug/CMakeFiles/CMakeTmp”
Building C object CMakeFiles/cmTC_6e8c7.dir/CheckFunctionExists.c.o
/usr/bin/cc   -DCHECK_FUNCTION_EXISTS=setupterm   -o CMakeFiles/cmTC_6e8c7.dir/CheckFunctionExists.c.o   -c /home/king/clion/bin/cmake/linux/share/cmake-3.15/Modules/CheckFunctionExists.c
Linking C executable cmTC_6e8c7
/home/king/clion/bin/cmake/linux/bin/cmake -E cmake_link_script CMakeFiles/cmTC_6e8c7.dir/link.txt --verbose=1
/usr/bin/cc  -DCHECK_FUNCTION_EXISTS=setupterm    CMakeFiles/cmTC_6e8c7.dir/CheckFunctionExists.c.o  -o cmTC_6e8c7 -lterminfo -lm 
/usr/bin/ld: 找不到 -lterminfo
collect2: error: ld returned 1 exit status
gmake[1]: *** [CMakeFiles/cmTC_6e8c7.dir/build.make:87：cmTC_6e8c7] 错误 1
gmake[1]: 离开目录“/home/king/ollvm/llvm-project-llvmorg-9.0.1/llvm/cmake-build-debug/CMakeFiles/CMakeTmp”
gmake: *** [Makefile:121：cmTC_6e8c7/fast] 错误 2



Determining if the function xar_open exists in the xar failed with the following output:
Change Dir: /home/king/ollvm/llvm-project-llvmorg-9.0.1/llvm/cmake-build-debug/CMakeFiles/CMakeTmp

Run Build Command(s):/usr/bin/gmake cmTC_6e88f/fast && /usr/bin/gmake -f CMakeFiles/cmTC_6e88f.dir/build.make CMakeFiles/cmTC_6e88f.dir/build
gmake[1]: 进入目录“/home/king/ollvm/llvm-project-llvmorg-9.0.1/llvm/cmake-build-debug/CMakeFiles/CMakeTmp”
Building C object CMakeFiles/cmTC_6e88f.dir/CheckFunctionExists.c.o
/usr/bin/cc   -DCHECK_FUNCTION_EXISTS=xar_open   -o CMakeFiles/cmTC_6e88f.dir/CheckFunctionExists.c.o   -c /home/king/clion/bin/cmake/linux/share/cmake-3.15/Modules/CheckFunctionExists.c
Linking C executable cmTC_6e88f
/home/king/clion/bin/cmake/linux/bin/cmake -E cmake_link_script CMakeFiles/cmTC_6e88f.dir/link.txt --verbose=1
/usr/bin/cc  -DCHECK_FUNCTION_EXISTS=xar_open    CMakeFiles/cmTC_6e88f.dir/CheckFunctionExists.c.o  -o cmTC_6e88f -lxar -lm 
/usr/bin/ld: 找不到 -lxar
collect2: error: ld returned 1 exit status
gmake[1]: *** [CMakeFiles/cmTC_6e88f.dir/build.make:87：cmTC_6e88f] 错误 1
gmake[1]: 离开目录“/home/king/ollvm/llvm-project-llvmorg-9.0.1/llvm/cmake-build-debug/CMakeFiles/CMakeTmp”
gmake: *** [Makefile:121：cmTC_6e88f/fast] 错误 2



Determining if the arc4random exist failed with the following output:
Change Dir: /home/king/ollvm/llvm-project-llvmorg-9.0.1/llvm/cmake-build-debug/CMakeFiles/CMakeTmp

Run Build Command(s):/usr/bin/gmake cmTC_649fc/fast && /usr/bin/gmake -f CMakeFiles/cmTC_649fc.dir/build.make CMakeFiles/cmTC_649fc.dir/build
gmake[1]: 进入目录“/home/king/ollvm/llvm-project-llvmorg-9.0.1/llvm/cmake-build-debug/CMakeFiles/CMakeTmp”
Building C object CMakeFiles/cmTC_649fc.dir/CheckSymbolExists.c.o
/usr/bin/cc    -o CMakeFiles/cmTC_649fc.dir/CheckSymbolExists.c.o   -c /home/king/ollvm/llvm-project-llvmorg-9.0.1/llvm/cmake-build-debug/CMakeFiles/CMakeTmp/CheckSymbolExists.c
/home/king/ollvm/llvm-project-llvmorg-9.0.1/llvm/cmake-build-debug/CMakeFiles/CMakeTmp/CheckSymbolExists.c: In function ‘main’:
/home/king/ollvm/llvm-project-llvmorg-9.0.1/llvm/cmake-build-debug/CMakeFiles/CMakeTmp/CheckSymbolExists.c:8:19: error: ‘arc4random’ undeclared (first use in this function); did you mean ‘srandom’?
    8 |   return ((int*)(&arc4random))[argc];
      |                   ^~~~~~~~~~
      |                   srandom
/home/king/ollvm/llvm-project-llvmorg-9.0.1/llvm/cmake-build-debug/CMakeFiles/CMakeTmp/CheckSymbolExists.c:8:19: note: each undeclared identifier is reported only once for each function it appears in
gmake[1]: *** [CMakeFiles/cmTC_649fc.dir/build.make:66：CMakeFiles/cmTC_649fc.dir/CheckSymbolExists.c.o] 错误 1
gmake[1]: 离开目录“/home/king/ollvm/llvm-project-llvmorg-9.0.1/llvm/cmake-build-debug/CMakeFiles/CMakeTmp”
gmake: *** [Makefile:121：cmTC_649fc/fast] 错误 2


File /home/king/ollvm/llvm-project-llvmorg-9.0.1/llvm/cmake-build-debug/CMakeFiles/CMakeTmp/CheckSymbolExists.c:
/* */
#include <stdlib.h>

int main(int argc, char** argv)
{
  (void)argv;
#ifndef arc4random
  return ((int*)(&arc4random))[argc];
#else
  (void)argc;
  return 0;
#endif
}

Performing C SOURCE FILE Test C_SUPPORTS_WERROR_UNGUARDED_AVAILABILITY_NEW failed with the following output:
Change Dir: /home/king/ollvm/llvm-project-llvmorg-9.0.1/llvm/cmake-build-debug/CMakeFiles/CMakeTmp

Run Build Command(s):/usr/bin/gmake cmTC_15202/fast && /usr/bin/gmake -f CMakeFiles/cmTC_15202.dir/build.make CMakeFiles/cmTC_15202.dir/build
gmake[1]: Entering directory '/home/king/ollvm/llvm-project-llvmorg-9.0.1/llvm/cmake-build-debug/CMakeFiles/CMakeTmp'
Building C object CMakeFiles/cmTC_15202.dir/src.c.o
/usr/bin/cc   -DC_SUPPORTS_WERROR_UNGUARDED_AVAILABILITY_NEW   -Werror=unguarded-availability-new -o CMakeFiles/cmTC_15202.dir/src.c.o   -c /home/king/ollvm/llvm-project-llvmorg-9.0.1/llvm/cmake-build-debug/CMakeFiles/CMakeTmp/src.c
cc1: error: '-Werror=unguarded-availability-new': no option '-Wunguarded-availability-new'
gmake[1]: *** [CMakeFiles/cmTC_15202.dir/build.make:66: CMakeFiles/cmTC_15202.dir/src.c.o] Error 1
gmake[1]: Leaving directory '/home/king/ollvm/llvm-project-llvmorg-9.0.1/llvm/cmake-build-debug/CMakeFiles/CMakeTmp'
gmake: *** [Makefile:121: cmTC_15202/fast] Error 2


Source file was:
int main(void) { return 0; }
Determining if the mallctl exist failed with the following output:
Change Dir: /home/king/ollvm/llvm-project-llvmorg-9.0.1/llvm/cmake-build-debug/CMakeFiles/CMakeTmp

Run Build Command(s):/usr/bin/gmake cmTC_b501e/fast && /usr/bin/gmake -f CMakeFiles/cmTC_b501e.dir/build.make CMakeFiles/cmTC_b501e.dir/build
gmake[1]: 进入目录“/home/king/ollvm/llvm-project-llvmorg-9.0.1/llvm/cmake-build-debug/CMakeFiles/CMakeTmp”
Building C object CMakeFiles/cmTC_b501e.dir/CheckSymbolExists.c.o
/usr/bin/cc    -o CMakeFiles/cmTC_b501e.dir/CheckSymbolExists.c.o   -c /home/king/ollvm/llvm-project-llvmorg-9.0.1/llvm/cmake-build-debug/CMakeFiles/CMakeTmp/CheckSymbolExists.c
/home/king/ollvm/llvm-project-llvmorg-9.0.1/llvm/cmake-build-debug/CMakeFiles/CMakeTmp/CheckSymbolExists.c:2:10: fatal error: malloc_np.h: 没有那个文件或目录
    2 | #include <malloc_np.h>
      |          ^~~~~~~~~~~~~
compilation terminated.
gmake[1]: *** [CMakeFiles/cmTC_b501e.dir/build.make:66：CMakeFiles/cmTC_b501e.dir/CheckSymbolExists.c.o] 错误 1
gmake[1]: 离开目录“/home/king/ollvm/llvm-project-llvmorg-9.0.1/llvm/cmake-build-debug/CMakeFiles/CMakeTmp”
gmake: *** [Makefile:121：cmTC_b501e/fast] 错误 2


File /home/king/ollvm/llvm-project-llvmorg-9.0.1/llvm/cmake-build-debug/CMakeFiles/CMakeTmp/CheckSymbolExists.c:
/* */
#include <malloc_np.h>

int main(int argc, char** argv)
{
  (void)argv;
#ifndef mallctl
  return ((int*)(&mallctl))[argc];
#else
  (void)argc;
  return 0;
#endif
}

Determining if the malloc_zone_statistics exist failed with the following output:
Change Dir: /home/king/ollvm/llvm-project-llvmorg-9.0.1/llvm/cmake-build-debug/CMakeFiles/CMakeTmp

Run Build Command(s):/usr/bin/gmake cmTC_90392/fast && /usr/bin/gmake -f CMakeFiles/cmTC_90392.dir/build.make CMakeFiles/cmTC_90392.dir/build
gmake[1]: 进入目录“/home/king/ollvm/llvm-project-llvmorg-9.0.1/llvm/cmake-build-debug/CMakeFiles/CMakeTmp”
Building C object CMakeFiles/cmTC_90392.dir/CheckSymbolExists.c.o
/usr/bin/cc    -o CMakeFiles/cmTC_90392.dir/CheckSymbolExists.c.o   -c /home/king/ollvm/llvm-project-llvmorg-9.0.1/llvm/cmake-build-debug/CMakeFiles/CMakeTmp/CheckSymbolExists.c
/home/king/ollvm/llvm-project-llvmorg-9.0.1/llvm/cmake-build-debug/CMakeFiles/CMakeTmp/CheckSymbolExists.c:2:10: fatal error: malloc/malloc.h: 没有那个文件或目录
    2 | #include <malloc/malloc.h>
      |          ^~~~~~~~~~~~~~~~~
compilation terminated.
gmake[1]: *** [CMakeFiles/cmTC_90392.dir/build.make:66：CMakeFiles/cmTC_90392.dir/CheckSymbolExists.c.o] 错误 1
gmake[1]: 离开目录“/home/king/ollvm/llvm-project-llvmorg-9.0.1/llvm/cmake-build-debug/CMakeFiles/CMakeTmp”
gmake: *** [Makefile:121：cmTC_90392/fast] 错误 2


File /home/king/ollvm/llvm-project-llvmorg-9.0.1/llvm/cmake-build-debug/CMakeFiles/CMakeTmp/CheckSymbolExists.c:
/* */
#include <malloc/malloc.h>

int main(int argc, char** argv)
{
  (void)argv;
#ifndef malloc_zone_statistics
  return ((int*)(&malloc_zone_statistics))[argc];
#else
  (void)argc;
  return 0;
#endif
}

Determining if the strerror_s exist failed with the following output:
Change Dir: /home/king/ollvm/llvm-project-llvmorg-9.0.1/llvm/cmake-build-debug/CMakeFiles/CMakeTmp

Run Build Command(s):/usr/bin/gmake cmTC_f8935/fast && /usr/bin/gmake -f CMakeFiles/cmTC_f8935.dir/build.make CMakeFiles/cmTC_f8935.dir/build
gmake[1]: 进入目录“/home/king/ollvm/llvm-project-llvmorg-9.0.1/llvm/cmake-build-debug/CMakeFiles/CMakeTmp”
Building C object CMakeFiles/cmTC_f8935.dir/CheckSymbolExists.c.o
/usr/bin/cc    -o CMakeFiles/cmTC_f8935.dir/CheckSymbolExists.c.o   -c /home/king/ollvm/llvm-project-llvmorg-9.0.1/llvm/cmake-build-debug/CMakeFiles/CMakeTmp/CheckSymbolExists.c
/home/king/ollvm/llvm-project-llvmorg-9.0.1/llvm/cmake-build-debug/CMakeFiles/CMakeTmp/CheckSymbolExists.c: In function ‘main’:
/home/king/ollvm/llvm-project-llvmorg-9.0.1/llvm/cmake-build-debug/CMakeFiles/CMakeTmp/CheckSymbolExists.c:8:19: error: ‘strerror_s’ undeclared (first use in this function); did you mean ‘strerror_l’?
    8 |   return ((int*)(&strerror_s))[argc];
      |                   ^~~~~~~~~~
      |                   strerror_l
/home/king/ollvm/llvm-project-llvmorg-9.0.1/llvm/cmake-build-debug/CMakeFiles/CMakeTmp/CheckSymbolExists.c:8:19: note: each undeclared identifier is reported only once for each function it appears in
gmake[1]: *** [CMakeFiles/cmTC_f8935.dir/build.make:66：CMakeFiles/cmTC_f8935.dir/CheckSymbolExists.c.o] 错误 1
gmake[1]: 离开目录“/home/king/ollvm/llvm-project-llvmorg-9.0.1/llvm/cmake-build-debug/CMakeFiles/CMakeTmp”
gmake: *** [Makefile:121：cmTC_f8935/fast] 错误 2


File /home/king/ollvm/llvm-project-llvmorg-9.0.1/llvm/cmake-build-debug/CMakeFiles/CMakeTmp/CheckSymbolExists.c:
/* */
#include <string.h>

int main(int argc, char** argv)
{
  (void)argv;
#ifndef strerror_s
  return ((int*)(&strerror_s))[argc];
#else
  (void)argc;
  return 0;
#endif
}

Determining if the dladdr exist failed with the following output:
Change Dir: /home/king/ollvm/llvm-project-llvmorg-9.0.1/llvm/cmake-build-debug/CMakeFiles/CMakeTmp

Run Build Command(s):/usr/bin/gmake cmTC_59f3d/fast && /usr/bin/gmake -f CMakeFiles/cmTC_59f3d.dir/build.make CMakeFiles/cmTC_59f3d.dir/build
gmake[1]: 进入目录“/home/king/ollvm/llvm-project-llvmorg-9.0.1/llvm/cmake-build-debug/CMakeFiles/CMakeTmp”
Building C object CMakeFiles/cmTC_59f3d.dir/CheckSymbolExists.c.o
/usr/bin/cc    -o CMakeFiles/cmTC_59f3d.dir/CheckSymbolExists.c.o   -c /home/king/ollvm/llvm-project-llvmorg-9.0.1/llvm/cmake-build-debug/CMakeFiles/CMakeTmp/CheckSymbolExists.c
/home/king/ollvm/llvm-project-llvmorg-9.0.1/llvm/cmake-build-debug/CMakeFiles/CMakeTmp/CheckSymbolExists.c: In function ‘main’:
/home/king/ollvm/llvm-project-llvmorg-9.0.1/llvm/cmake-build-debug/CMakeFiles/CMakeTmp/CheckSymbolExists.c:8:19: error: ‘dladdr’ undeclared (first use in this function)
    8 |   return ((int*)(&dladdr))[argc];
      |                   ^~~~~~
/home/king/ollvm/llvm-project-llvmorg-9.0.1/llvm/cmake-build-debug/CMakeFiles/CMakeTmp/CheckSymbolExists.c:8:19: note: each undeclared identifier is reported only once for each function it appears in
gmake[1]: *** [CMakeFiles/cmTC_59f3d.dir/build.make:66：CMakeFiles/cmTC_59f3d.dir/CheckSymbolExists.c.o] 错误 1
gmake[1]: 离开目录“/home/king/ollvm/llvm-project-llvmorg-9.0.1/llvm/cmake-build-debug/CMakeFiles/CMakeTmp”
gmake: *** [Makefile:121：cmTC_59f3d/fast] 错误 2


File /home/king/ollvm/llvm-project-llvmorg-9.0.1/llvm/cmake-build-debug/CMakeFiles/CMakeTmp/CheckSymbolExists.c:
/* */
#include <dlfcn.h>

int main(int argc, char** argv)
{
  (void)argv;
#ifndef dladdr
  return ((int*)(&dladdr))[argc];
#else
  (void)argc;
  return 0;
#endif
}

Performing C SOURCE FILE Test HAVE_STRUCT_STAT_ST_MTIMESPEC_TV_NSEC failed with the following output:
Change Dir: /home/king/ollvm/llvm-project-llvmorg-9.0.1/llvm/cmake-build-debug/CMakeFiles/CMakeTmp

Run Build Command(s):/usr/bin/gmake cmTC_d00f3/fast && /usr/bin/gmake -f CMakeFiles/cmTC_d00f3.dir/build.make CMakeFiles/cmTC_d00f3.dir/build
gmake[1]: 进入目录“/home/king/ollvm/llvm-project-llvmorg-9.0.1/llvm/cmake-build-debug/CMakeFiles/CMakeTmp”
Building C object CMakeFiles/cmTC_d00f3.dir/src.c.o
/usr/bin/cc   -DHAVE_STRUCT_STAT_ST_MTIMESPEC_TV_NSEC   -o CMakeFiles/cmTC_d00f3.dir/src.c.o   -c /home/king/ollvm/llvm-project-llvmorg-9.0.1/llvm/cmake-build-debug/CMakeFiles/CMakeTmp/src.c
/home/king/ollvm/llvm-project-llvmorg-9.0.1/llvm/cmake-build-debug/CMakeFiles/CMakeTmp/src.c: In function ‘main’:
/home/king/ollvm/llvm-project-llvmorg-9.0.1/llvm/cmake-build-debug/CMakeFiles/CMakeTmp/src.c:7:34: error: ‘struct stat’ has no member named ‘st_mtimespec’
    7 |   (void)sizeof(((struct stat *)0)->st_mtimespec.tv_nsec);
      |                                  ^~
gmake[1]: *** [CMakeFiles/cmTC_d00f3.dir/build.make:66：CMakeFiles/cmTC_d00f3.dir/src.c.o] 错误 1
gmake[1]: 离开目录“/home/king/ollvm/llvm-project-llvmorg-9.0.1/llvm/cmake-build-debug/CMakeFiles/CMakeTmp”
gmake: *** [Makefile:121：cmTC_d00f3/fast] 错误 2


Source file was:

#include <sys/types.h>
#include <sys/stat.h>

int main()
{
  (void)sizeof(((struct stat *)0)->st_mtimespec.tv_nsec);
  return 0;
}

Performing C++ SOURCE FILE Test SUPPORTS_GNU_ZERO_VARIADIC_MACRO_ARGUMENTS_FLAG failed with the following output:
Change Dir: /home/king/ollvm/llvm-project-llvmorg-9.0.1/llvm/cmake-build-debug/CMakeFiles/CMakeTmp

Run Build Command(s):/usr/bin/gmake cmTC_de488/fast && /usr/bin/gmake -f CMakeFiles/cmTC_de488.dir/build.make CMakeFiles/cmTC_de488.dir/build
gmake[1]: Entering directory '/home/king/ollvm/llvm-project-llvmorg-9.0.1/llvm/cmake-build-debug/CMakeFiles/CMakeTmp'
Building CXX object CMakeFiles/cmTC_de488.dir/src.cxx.o
/usr/bin/c++    -DSUPPORTS_GNU_ZERO_VARIADIC_MACRO_ARGUMENTS_FLAG   -Wgnu-zero-variadic-macro-arguments -o CMakeFiles/cmTC_de488.dir/src.cxx.o -c /home/king/ollvm/llvm-project-llvmorg-9.0.1/llvm/cmake-build-debug/CMakeFiles/CMakeTmp/src.cxx
c++: error: unrecognized command-line option '-Wgnu-zero-variadic-macro-arguments'
gmake[1]: *** [CMakeFiles/cmTC_de488.dir/build.make:66: CMakeFiles/cmTC_de488.dir/src.cxx.o] Error 1
gmake[1]: Leaving directory '/home/king/ollvm/llvm-project-llvmorg-9.0.1/llvm/cmake-build-debug/CMakeFiles/CMakeTmp'
gmake: *** [Makefile:121: cmTC_de488/fast] Error 2


Source file was:
int main() { return 0; }
Performing C++ SOURCE FILE Test CXX_SUPPORTS_WERROR_UNGUARDED_AVAILABILITY_NEW failed with the following output:
Change Dir: /home/king/ollvm/llvm-project-llvmorg-9.0.1/llvm/cmake-build-debug/CMakeFiles/CMakeTmp

Run Build Command(s):/usr/bin/gmake cmTC_0fac9/fast && /usr/bin/gmake -f CMakeFiles/cmTC_0fac9.dir/build.make CMakeFiles/cmTC_0fac9.dir/build
gmake[1]: Entering directory '/home/king/ollvm/llvm-project-llvmorg-9.0.1/llvm/cmake-build-debug/CMakeFiles/CMakeTmp'
Building CXX object CMakeFiles/cmTC_0fac9.dir/src.cxx.o
/usr/bin/c++    -fPIC -fvisibility-inlines-hidden -Werror=date-time -DCXX_SUPPORTS_WERROR_UNGUARDED_AVAILABILITY_NEW   -Werror -Werror=unguarded-availability-new -o CMakeFiles/cmTC_0fac9.dir/src.cxx.o -c /home/king/ollvm/llvm-project-llvmorg-9.0.1/llvm/cmake-build-debug/CMakeFiles/CMakeTmp/src.cxx
cc1plus: error: '-Werror=unguarded-availability-new': no option '-Wunguarded-availability-new'
gmake[1]: *** [CMakeFiles/cmTC_0fac9.dir/build.make:66: CMakeFiles/cmTC_0fac9.dir/src.cxx.o] Error 1
gmake[1]: Leaving directory '/home/king/ollvm/llvm-project-llvmorg-9.0.1/llvm/cmake-build-debug/CMakeFiles/CMakeTmp'
gmake: *** [Makefile:121: cmTC_0fac9/fast] Error 2


Source file was:
int main() { return 0; }
Performing C SOURCE FILE Test C_SUPPORTS_COVERED_SWITCH_DEFAULT_FLAG failed with the following output:
Change Dir: /home/king/ollvm/llvm-project-llvmorg-9.0.1/llvm/cmake-build-debug/CMakeFiles/CMakeTmp

Run Build Command(s):/usr/bin/gmake cmTC_0180b/fast && /usr/bin/gmake -f CMakeFiles/cmTC_0180b.dir/build.make CMakeFiles/cmTC_0180b.dir/build
gmake[1]: Entering directory '/home/king/ollvm/llvm-project-llvmorg-9.0.1/llvm/cmake-build-debug/CMakeFiles/CMakeTmp'
Building C object CMakeFiles/cmTC_0180b.dir/src.c.o
/usr/bin/cc   -fPIC -Werror=date-time -Wall -Wextra -Wno-unused-parameter -Wwrite-strings -Wno-missing-field-initializers -pedantic -Wno-long-long -Wimplicit-fallthrough -DC_SUPPORTS_COVERED_SWITCH_DEFAULT_FLAG   -Werror -Wcovered-switch-default -o CMakeFiles/cmTC_0180b.dir/src.c.o   -c /home/king/ollvm/llvm-project-llvmorg-9.0.1/llvm/cmake-build-debug/CMakeFiles/CMakeTmp/src.c
cc: error: unrecognized command-line option '-Wcovered-switch-default'; did you mean '-Wno-switch-default'?
gmake[1]: *** [CMakeFiles/cmTC_0180b.dir/build.make:66: CMakeFiles/cmTC_0180b.dir/src.c.o] Error 1
gmake[1]: Leaving directory '/home/king/ollvm/llvm-project-llvmorg-9.0.1/llvm/cmake-build-debug/CMakeFiles/CMakeTmp'
gmake: *** [Makefile:121: cmTC_0180b/fast] Error 2


Source file was:
int main(void) { return 0; }
Performing C++ SOURCE FILE Test CXX_SUPPORTS_COVERED_SWITCH_DEFAULT_FLAG failed with the following output:
Change Dir: /home/king/ollvm/llvm-project-llvmorg-9.0.1/llvm/cmake-build-debug/CMakeFiles/CMakeTmp

Run Build Command(s):/usr/bin/gmake cmTC_4fbcc/fast && /usr/bin/gmake -f CMakeFiles/cmTC_4fbcc.dir/build.make CMakeFiles/cmTC_4fbcc.dir/build
gmake[1]: Entering directory '/home/king/ollvm/llvm-project-llvmorg-9.0.1/llvm/cmake-build-debug/CMakeFiles/CMakeTmp'
Building CXX object CMakeFiles/cmTC_4fbcc.dir/src.cxx.o
/usr/bin/c++    -fPIC -fvisibility-inlines-hidden -Werror=date-time -std=c++11 -Wall -Wextra -Wno-unused-parameter -Wwrite-strings -Wcast-qual -Wno-missing-field-initializers -pedantic -Wno-long-long -Wimplicit-fallthrough -DCXX_SUPPORTS_COVERED_SWITCH_DEFAULT_FLAG   -Werror -Wcovered-switch-default -o CMakeFiles/cmTC_4fbcc.dir/src.cxx.o -c /home/king/ollvm/llvm-project-llvmorg-9.0.1/llvm/cmake-build-debug/CMakeFiles/CMakeTmp/src.cxx
c++: error: unrecognized command-line option '-Wcovered-switch-default'; did you mean '-Wno-switch-default'?
gmake[1]: *** [CMakeFiles/cmTC_4fbcc.dir/build.make:66: CMakeFiles/cmTC_4fbcc.dir/src.cxx.o] Error 1
gmake[1]: Leaving directory '/home/king/ollvm/llvm-project-llvmorg-9.0.1/llvm/cmake-build-debug/CMakeFiles/CMakeTmp'
gmake: *** [Makefile:121: cmTC_4fbcc/fast] Error 2


Source file was:
int main() { return 0; }
Performing C SOURCE FILE Test C_SUPPORTS_DELETE_NON_VIRTUAL_DTOR_FLAG failed with the following output:
Change Dir: /home/king/ollvm/llvm-project-llvmorg-9.0.1/llvm/cmake-build-debug/CMakeFiles/CMakeTmp

Run Build Command(s):/usr/bin/gmake cmTC_47c79/fast && /usr/bin/gmake -f CMakeFiles/cmTC_47c79.dir/build.make CMakeFiles/cmTC_47c79.dir/build
gmake[1]: Entering directory '/home/king/ollvm/llvm-project-llvmorg-9.0.1/llvm/cmake-build-debug/CMakeFiles/CMakeTmp'
Building C object CMakeFiles/cmTC_47c79.dir/src.c.o
/usr/bin/cc   -fPIC -Werror=date-time -Wall -Wextra -Wno-unused-parameter -Wwrite-strings -Wno-missing-field-initializers -pedantic -Wno-long-long -Wimplicit-fallthrough -DC_SUPPORTS_DELETE_NON_VIRTUAL_DTOR_FLAG   -Werror -Wdelete-non-virtual-dtor -o CMakeFiles/cmTC_47c79.dir/src.c.o   -c /home/king/ollvm/llvm-project-llvmorg-9.0.1/llvm/cmake-build-debug/CMakeFiles/CMakeTmp/src.c
cc1: error: command-line option '-Wdelete-non-virtual-dtor' is valid for C++/ObjC++ but not for C [-Werror]
cc1: all warnings being treated as errors
gmake[1]: *** [CMakeFiles/cmTC_47c79.dir/build.make:66: CMakeFiles/cmTC_47c79.dir/src.c.o] Error 1
gmake[1]: Leaving directory '/home/king/ollvm/llvm-project-llvmorg-9.0.1/llvm/cmake-build-debug/CMakeFiles/CMakeTmp'
gmake: *** [Makefile:121: cmTC_47c79/fast] Error 2


Source file was:
int main(void) { return 0; }
Performing C SOURCE FILE Test C_WCOMMENT_ALLOWS_LINE_WRAP failed with the following output:
Change Dir: /home/king/ollvm/llvm-project-llvmorg-9.0.1/llvm/cmake-build-debug/CMakeFiles/CMakeTmp

Run Build Command(s):/usr/bin/gmake cmTC_f82f0/fast && /usr/bin/gmake -f CMakeFiles/cmTC_f82f0.dir/build.make CMakeFiles/cmTC_f82f0.dir/build
gmake[1]: 进入目录“/home/king/ollvm/llvm-project-llvmorg-9.0.1/llvm/cmake-build-debug/CMakeFiles/CMakeTmp”
Building C object CMakeFiles/cmTC_f82f0.dir/src.c.o
/usr/bin/cc -D_GNU_SOURCE  -fPIC -Werror=date-time -Wall -Wextra -Wno-unused-parameter -Wwrite-strings -Wno-missing-field-initializers -pedantic -Wno-long-long -Wimplicit-fallthrough -DC_WCOMMENT_ALLOWS_LINE_WRAP  -Werror -Wcomment   -o CMakeFiles/cmTC_f82f0.dir/src.c.o   -c /home/king/ollvm/llvm-project-llvmorg-9.0.1/llvm/cmake-build-debug/CMakeFiles/CMakeTmp/src.c
/home/king/ollvm/llvm-project-llvmorg-9.0.1/llvm/cmake-build-debug/CMakeFiles/CMakeTmp/src.c:1:1: error: multi-line comment [-Werror=comment]
    1 | // \
      | ^
cc1: all warnings being treated as errors
gmake[1]: *** [CMakeFiles/cmTC_f82f0.dir/build.make:66：CMakeFiles/cmTC_f82f0.dir/src.c.o] 错误 1
gmake[1]: 离开目录“/home/king/ollvm/llvm-project-llvmorg-9.0.1/llvm/cmake-build-debug/CMakeFiles/CMakeTmp”
gmake: *** [Makefile:121：cmTC_f82f0/fast] 错误 2


Source file was:
// \
//
int main() {return 0;}
Performing C SOURCE FILE Test C_SUPPORTS_STRING_CONVERSION_FLAG failed with the following output:
Change Dir: /home/king/ollvm/llvm-project-llvmorg-9.0.1/llvm/cmake-build-debug/CMakeFiles/CMakeTmp

Run Build Command(s):/usr/bin/gmake cmTC_6db22/fast && /usr/bin/gmake -f CMakeFiles/cmTC_6db22.dir/build.make CMakeFiles/cmTC_6db22.dir/build
gmake[1]: Entering directory '/home/king/ollvm/llvm-project-llvmorg-9.0.1/llvm/cmake-build-debug/CMakeFiles/CMakeTmp'
Building C object CMakeFiles/cmTC_6db22.dir/src.c.o
/usr/bin/cc   -fPIC -Werror=date-time -Wall -Wextra -Wno-unused-parameter -Wwrite-strings -Wno-missing-field-initializers -pedantic -Wno-long-long -Wimplicit-fallthrough -Wno-comment -DC_SUPPORTS_STRING_CONVERSION_FLAG   -Werror -Wstring-conversion -o CMakeFiles/cmTC_6db22.dir/src.c.o   -c /home/king/ollvm/llvm-project-llvmorg-9.0.1/llvm/cmake-build-debug/CMakeFiles/CMakeTmp/src.c
cc: error: unrecognized command-line option '-Wstring-conversion'; did you mean '-Wsign-conversion'?
gmake[1]: *** [CMakeFiles/cmTC_6db22.dir/build.make:66: CMakeFiles/cmTC_6db22.dir/src.c.o] Error 1
gmake[1]: Leaving directory '/home/king/ollvm/llvm-project-llvmorg-9.0.1/llvm/cmake-build-debug/CMakeFiles/CMakeTmp'
gmake: *** [Makefile:121: cmTC_6db22/fast] Error 2


Source file was:
int main(void) { return 0; }
Performing C++ SOURCE FILE Test CXX_SUPPORTS_STRING_CONVERSION_FLAG failed with the following output:
Change Dir: /home/king/ollvm/llvm-project-llvmorg-9.0.1/llvm/cmake-build-debug/CMakeFiles/CMakeTmp

Run Build Command(s):/usr/bin/gmake cmTC_9c679/fast && /usr/bin/gmake -f CMakeFiles/cmTC_9c679.dir/build.make CMakeFiles/cmTC_9c679.dir/build
gmake[1]: Entering directory '/home/king/ollvm/llvm-project-llvmorg-9.0.1/llvm/cmake-build-debug/CMakeFiles/CMakeTmp'
Building CXX object CMakeFiles/cmTC_9c679.dir/src.cxx.o
/usr/bin/c++    -fPIC -fvisibility-inlines-hidden -Werror=date-time -std=c++11 -Wall -Wextra -Wno-unused-parameter -Wwrite-strings -Wcast-qual -Wno-missing-field-initializers -pedantic -Wno-long-long -Wimplicit-fallthrough -Wno-maybe-uninitialized -Wno-class-memaccess -Wno-noexcept-type -Wdelete-non-virtual-dtor -Wno-comment -DCXX_SUPPORTS_STRING_CONVERSION_FLAG   -Werror -Wstring-conversion -o CMakeFiles/cmTC_9c679.dir/src.cxx.o -c /home/king/ollvm/llvm-project-llvmorg-9.0.1/llvm/cmake-build-debug/CMakeFiles/CMakeTmp/src.cxx
c++: error: unrecognized command-line option '-Wstring-conversion'; did you mean '-Wsign-conversion'?
gmake[1]: *** [CMakeFiles/cmTC_9c679.dir/build.make:66: CMakeFiles/cmTC_9c679.dir/src.cxx.o] Error 1
gmake[1]: Leaving directory '/home/king/ollvm/llvm-project-llvmorg-9.0.1/llvm/cmake-build-debug/CMakeFiles/CMakeTmp'
gmake: *** [Makefile:121: cmTC_9c679/fast] Error 2


Source file was:
int main() { return 0; }
Determining if the os_signpost_interval_begin exist failed with the following output:
Change Dir: /home/king/ollvm/llvm-project-llvmorg-9.0.1/llvm/cmake-build-debug/CMakeFiles/CMakeTmp

Run Build Command(s):/usr/bin/gmake cmTC_e4db8/fast && /usr/bin/gmake -f CMakeFiles/cmTC_e4db8.dir/build.make CMakeFiles/cmTC_e4db8.dir/build
gmake[1]: 进入目录“/home/king/ollvm/llvm-project-llvmorg-9.0.1/llvm/cmake-build-debug/CMakeFiles/CMakeTmp”
Building C object CMakeFiles/cmTC_e4db8.dir/CheckSymbolExists.c.o
/usr/bin/cc -D_GNU_SOURCE  -fPIC -Werror=date-time -Wall -Wextra -Wno-unused-parameter -Wwrite-strings -Wno-missing-field-initializers -pedantic -Wno-long-long -Wimplicit-fallthrough -Wno-comment    -o CMakeFiles/cmTC_e4db8.dir/CheckSymbolExists.c.o   -c /home/king/ollvm/llvm-project-llvmorg-9.0.1/llvm/cmake-build-debug/CMakeFiles/CMakeTmp/CheckSymbolExists.c
/home/king/ollvm/llvm-project-llvmorg-9.0.1/llvm/cmake-build-debug/CMakeFiles/CMakeTmp/CheckSymbolExists.c:2:10: fatal error: os/signpost.h: 没有那个文件或目录
    2 | #include <os/signpost.h>
      |          ^~~~~~~~~~~~~~~
compilation terminated.
gmake[1]: *** [CMakeFiles/cmTC_e4db8.dir/build.make:66：CMakeFiles/cmTC_e4db8.dir/CheckSymbolExists.c.o] 错误 1
gmake[1]: 离开目录“/home/king/ollvm/llvm-project-llvmorg-9.0.1/llvm/cmake-build-debug/CMakeFiles/CMakeTmp”
gmake: *** [Makefile:121：cmTC_e4db8/fast] 错误 2


File /home/king/ollvm/llvm-project-llvmorg-9.0.1/llvm/cmake-build-debug/CMakeFiles/CMakeTmp/CheckSymbolExists.c:
/* */
#include <os/signpost.h>

int main(int argc, char** argv)
{
  (void)argv;
#ifndef os_signpost_interval_begin
  return ((int*)(&os_signpost_interval_begin))[argc];
#else
  (void)argc;
  return 0;
#endif
}

Performing C++ SOURCE FILE Test CXX_SUPPORTS_NO_NESTED_ANON_TYPES_FLAG failed with the following output:
Change Dir: /home/king/ollvm/llvm-project-llvmorg-9.0.1/llvm/cmake-build-debug/CMakeFiles/CMakeTmp

Run Build Command(s):/usr/bin/gmake cmTC_01ba6/fast && /usr/bin/gmake -f CMakeFiles/cmTC_01ba6.dir/build.make CMakeFiles/cmTC_01ba6.dir/build
gmake[1]: Entering directory '/home/king/ollvm/llvm-project-llvmorg-9.0.1/llvm/cmake-build-debug/CMakeFiles/CMakeTmp'
Building CXX object CMakeFiles/cmTC_01ba6.dir/src.cxx.o
/usr/bin/c++    -fPIC -fvisibility-inlines-hidden -Werror=date-time -std=c++11 -Wall -Wextra -Wno-unused-parameter -Wwrite-strings -Wcast-qual -Wno-missing-field-initializers -pedantic -Wno-long-long -Wimplicit-fallthrough -Wno-maybe-uninitialized -Wno-class-memaccess -Wno-noexcept-type -Wdelete-non-virtual-dtor -Wno-comment -fno-common -Woverloaded-virtual -fno-strict-aliasing -DCXX_SUPPORTS_NO_NESTED_ANON_TYPES_FLAG   -Werror -Wnested-anon-types -o CMakeFiles/cmTC_01ba6.dir/src.cxx.o -c /home/king/ollvm/llvm-project-llvmorg-9.0.1/llvm/cmake-build-debug/CMakeFiles/CMakeTmp/src.cxx
c++: error: unrecognized command-line option '-Wnested-anon-types'
gmake[1]: *** [CMakeFiles/cmTC_01ba6.dir/build.make:66: CMakeFiles/cmTC_01ba6.dir/src.cxx.o] Error 1
gmake[1]: Leaving directory '/home/king/ollvm/llvm-project-llvmorg-9.0.1/llvm/cmake-build-debug/CMakeFiles/CMakeTmp'
gmake: *** [Makefile:121: cmTC_01ba6/fast] Error 2


Source file was:
int main() { return 0; }
Performing C++ SOURCE FILE Test HAVE_CXX_FLAG_WSHORTEN_64_TO_32 failed with the following output:
Change Dir: /home/king/ollvm/llvm-project-llvmorg-9.0.1/llvm/cmake-build-debug/CMakeFiles/CMakeTmp

Run Build Command(s):/usr/bin/gmake cmTC_f55e4/fast && /usr/bin/gmake -f CMakeFiles/cmTC_f55e4.dir/build.make CMakeFiles/cmTC_f55e4.dir/build
gmake[1]: Entering directory '/home/king/ollvm/llvm-project-llvmorg-9.0.1/llvm/cmake-build-debug/CMakeFiles/CMakeTmp'
Building CXX object CMakeFiles/cmTC_f55e4.dir/src.cxx.o
/usr/bin/c++    -fPIC -fvisibility-inlines-hidden -Werror=date-time -std=c++11 -Wall -Wextra -Wno-unused-parameter -Wwrite-strings -Wcast-qual -Wno-missing-field-initializers -pedantic -Wno-long-long -Wimplicit-fallthrough -Wno-maybe-uninitialized -Wno-class-memaccess -Wno-noexcept-type -Wdelete-non-virtual-dtor -Wno-comment  -std=c++11  -Wall  -Wextra  -Wshadow  -pedantic  -pedantic-errors -DHAVE_CXX_FLAG_WSHORTEN_64_TO_32  -Wshorten-64-to-32   -Wshorten-64-to-32 -o CMakeFiles/cmTC_f55e4.dir/src.cxx.o -c /home/king/ollvm/llvm-project-llvmorg-9.0.1/llvm/cmake-build-debug/CMakeFiles/CMakeTmp/src.cxx
c++: error: unrecognized command-line option '-Wshorten-64-to-32'
c++: error: unrecognized command-line option '-Wshorten-64-to-32'
gmake[1]: *** [CMakeFiles/cmTC_f55e4.dir/build.make:66: CMakeFiles/cmTC_f55e4.dir/src.cxx.o] Error 1
gmake[1]: Leaving directory '/home/king/ollvm/llvm-project-llvmorg-9.0.1/llvm/cmake-build-debug/CMakeFiles/CMakeTmp'
gmake: *** [Makefile:121: cmTC_f55e4/fast] Error 2


Source file was:
int main() { return 0; }
Performing C++ SOURCE FILE Test HAVE_CXX_FLAG_WD654 failed with the following output:
Change Dir: /home/king/ollvm/llvm-project-llvmorg-9.0.1/llvm/cmake-build-debug/CMakeFiles/CMakeTmp

Run Build Command(s):/usr/bin/gmake cmTC_9da72/fast && /usr/bin/gmake -f CMakeFiles/cmTC_9da72.dir/build.make CMakeFiles/cmTC_9da72.dir/build
gmake[1]: Entering directory '/home/king/ollvm/llvm-project-llvmorg-9.0.1/llvm/cmake-build-debug/CMakeFiles/CMakeTmp'
Building CXX object CMakeFiles/cmTC_9da72.dir/src.cxx.o
/usr/bin/c++    -fPIC -fvisibility-inlines-hidden -Werror=date-time -std=c++11 -Wall -Wextra -Wno-unused-parameter -Wwrite-strings -Wcast-qual -Wno-missing-field-initializers -pedantic -Wno-long-long -Wimplicit-fallthrough -Wno-maybe-uninitialized -Wno-class-memaccess -Wno-noexcept-type -Wdelete-non-virtual-dtor -Wno-comment  -std=c++11  -Wall  -Wextra  -Wshadow  -pedantic  -pedantic-errors  -Wfloat-equal  -fstrict-aliasing  -fno-exceptions  -Wstrict-aliasing -DHAVE_CXX_FLAG_WD654  -wd654   -wd654 -o CMakeFiles/cmTC_9da72.dir/src.cxx.o -c /home/king/ollvm/llvm-project-llvmorg-9.0.1/llvm/cmake-build-debug/CMakeFiles/CMakeTmp/src.cxx
c++: error: unrecognized command-line option '-wd654'
c++: error: unrecognized command-line option '-wd654'
gmake[1]: *** [CMakeFiles/cmTC_9da72.dir/build.make:66: CMakeFiles/cmTC_9da72.dir/src.cxx.o] Error 1
gmake[1]: Leaving directory '/home/king/ollvm/llvm-project-llvmorg-9.0.1/llvm/cmake-build-debug/CMakeFiles/CMakeTmp'
gmake: *** [Makefile:121: cmTC_9da72/fast] Error 2


Source file was:
int main() { return 0; }
Performing C++ SOURCE FILE Test HAVE_CXX_FLAG_WTHREAD_SAFETY failed with the following output:
Change Dir: /home/king/ollvm/llvm-project-llvmorg-9.0.1/llvm/cmake-build-debug/CMakeFiles/CMakeTmp

Run Build Command(s):/usr/bin/gmake cmTC_afe40/fast && /usr/bin/gmake -f CMakeFiles/cmTC_afe40.dir/build.make CMakeFiles/cmTC_afe40.dir/build
gmake[1]: Entering directory '/home/king/ollvm/llvm-project-llvmorg-9.0.1/llvm/cmake-build-debug/CMakeFiles/CMakeTmp'
Building CXX object CMakeFiles/cmTC_afe40.dir/src.cxx.o
/usr/bin/c++    -fPIC -fvisibility-inlines-hidden -Werror=date-time -std=c++11 -Wall -Wextra -Wno-unused-parameter -Wwrite-strings -Wcast-qual -Wno-missing-field-initializers -pedantic -Wno-long-long -Wimplicit-fallthrough -Wno-maybe-uninitialized -Wno-class-memaccess -Wno-noexcept-type -Wdelete-non-virtual-dtor -Wno-comment  -std=c++11  -Wall  -Wextra  -Wshadow  -pedantic  -pedantic-errors  -Wfloat-equal  -fstrict-aliasing  -fno-exceptions  -Wstrict-aliasing -DHAVE_CXX_FLAG_WTHREAD_SAFETY  -Wthread-safety   -Wthread-safety -o CMakeFiles/cmTC_afe40.dir/src.cxx.o -c /home/king/ollvm/llvm-project-llvmorg-9.0.1/llvm/cmake-build-debug/CMakeFiles/CMakeTmp/src.cxx
c++: error: unrecognized command-line option '-Wthread-safety'
c++: error: unrecognized command-line option '-Wthread-safety'
gmake[1]: *** [CMakeFiles/cmTC_afe40.dir/build.make:66: CMakeFiles/cmTC_afe40.dir/src.cxx.o] Error 1
gmake[1]: Leaving directory '/home/king/ollvm/llvm-project-llvmorg-9.0.1/llvm/cmake-build-debug/CMakeFiles/CMakeTmp'
gmake: *** [Makefile:121: cmTC_afe40/fast] Error 2


Source file was:
int main() { return 0; }
